<?xml version="1.0" encoding="UTF-8"?>
<!-- Generated by org.testng.reporters.JUnitReportReporter -->
<testsuite hostname="LAPTOP-CDIQNIDP" failures="0" tests="1" name="tests.SitePageTest" time="10.398" errors="0" timestamp="2025-07-07T13:55:57 IST" skipped="0">
  <testcase classname="tests.SitePageTest" name="testAddSite" time="10.398"/>
</testsuite> <!-- tests.SitePageTest -->
