<?xml version="1.0" encoding="UTF-8"?>
<!-- Generated by org.testng.reporters.JUnitReportReporter -->
<testsuite hostname="LAPTOP-CDIQNIDP" failures="0" tests="1" name="tests.ClientTest" time="7.584" errors="0" timestamp="2025-07-07T13:55:57 IST" skipped="0">
  <testcase classname="tests.ClientTest" name="testAddClient" time="7.584"/>
</testsuite> <!-- tests.ClientTest -->
