<?xml version="1.0" encoding="UTF-8"?>
<!-- Generated by org.testng.reporters.JUnitReportReporter -->
<testsuite hostname="LAPTOP-CDIQNIDP" failures="0" tests="2" name="tests.recpalfilter" time="57.954" errors="0" timestamp="2025-07-07T13:55:57 IST" skipped="0">
  <testcase classname="tests.recpalfilter" name="Clientfilter" time="23.258"/>
  <testcase classname="tests.recpalfilter" name="sitefilter" time="34.696"/>
</testsuite> <!-- tests.recpalfilter -->
