<?xml version="1.0" encoding="UTF-8"?>
<!-- Generated by org.testng.reporters.JUnitReportReporter -->
<testsuite hostname="LAPTOP-CDIQNIDP" failures="0" tests="1" name="com.restassured.demo.rest_demo.PutuserTest" time="5.232" errors="0" timestamp="2025-06-27T20:18:45 IST" skipped="0">
  <testcase classname="com.restassured.demo.rest_demo.PutuserTest" name="test" time="5.232"/>
</testsuite> <!-- com.restassured.demo.rest_demo.PutuserTest -->
