<?xml version="1.0" encoding="UTF-8"?>
<!-- Generated by org.testng.reporters.JUnitReportReporter -->
<testsuite hostname="LAPTOP-CDIQNIDP" failures="0" tests="1" name="com.restassured.demo.rest_demo.basicget" time="4.839" errors="0" timestamp="2025-06-27T21:01:53 IST" skipped="0">
  <testcase classname="com.restassured.demo.rest_demo.basicget" name="Test" time="4.839"/>
</testsuite> <!-- com.restassured.demo.rest_demo.basicget -->
