<?xml version="1.0" encoding="UTF-8"?>
<!-- Generated by org.testng.reporters.JUnitReportReporter -->
<testsuite hostname="LAPTOP-CDIQNIDP" failures="0" tests="1" name="com.restassured.demo.rest_demo.CandidateAPITest" time="5.658" errors="0" timestamp="2025-07-01T22:58:34 IST" skipped="0">
  <testcase classname="com.restassured.demo.rest_demo.CandidateAPITest" name="testGetApprovedActivatedCandidates" time="5.658"/>
</testsuite> <!-- com.restassured.demo.rest_demo.CandidateAPITest -->
