<?xml version="1.0" encoding="UTF-8"?>
<!-- Generated by org.testng.reporters.JUnitReportReporter -->
<testsuite hostname="LAPTOP-CDIQNIDP" failures="0" tests="1" name="com.restassured.demo.rest_demo.BasicGetTest" time="3.507" errors="0" timestamp="2025-06-27T13:02:09 IST" skipped="0">
  <testcase classname="com.restassured.demo.rest_demo.BasicGetTest" name="simpleGet" time="3.507"/>
</testsuite> <!-- com.restassured.demo.rest_demo.BasicGetTest -->
