<?xml version="1.0" encoding="UTF-8"?>
<!-- Generated by org.testng.reporters.JUnitReportReporter -->
<testsuite hostname="LAPTOP-CDIQNIDP" failures="0" tests="1" name="com.restassured.demo.rest_demo.PostUserTest" time="5.199" errors="0" timestamp="2025-06-27T21:08:54 IST" skipped="0">
  <testcase classname="com.restassured.demo.rest_demo.PostUserTest" name="testing" time="5.199"/>
</testsuite> <!-- com.restassured.demo.rest_demo.PostUserTest -->
