<?xml version="1.0" encoding="UTF-8"?>
<!-- Generated by org.testng.reporters.JUnitReportReporter -->
<testsuite hostname="LAPTOP-CDIQNIDP" failures="0" tests="1" name="com.restassured.demo.rest_demo.ClientFilterTest" time="5.292" errors="0" timestamp="2025-07-01T23:06:48 IST" skipped="0">
  <testcase classname="com.restassured.demo.rest_demo.ClientFilterTest" name="testGetInactiveClients" time="5.292"/>
</testsuite> <!-- com.restassured.demo.rest_demo.ClientFilterTest -->
