<?xml version="1.0" encoding="UTF-8"?>
<!-- Generated by org.testng.reporters.JUnitReportReporter -->
<testsuite hostname="LAPTOP-CDIQNIDP" failures="0" tests="1" name="tests.LoginTest" time="11.318" errors="0" timestamp="2025-06-30T21:31:52 IST" skipped="0">
  <testcase classname="tests.LoginTest" name="testLogin" time="11.318"/>
</testsuite> <!-- tests.LoginTest -->
