<?xml version="1.0" encoding="UTF-8"?>
<!-- Generated by org.testng.reporters.JUnitReportReporter -->
<testsuite hostname="LAPTOP-CDIQNIDP" failures="0" tests="1" name="tests.AddToCartTest" time="5.529" errors="0" timestamp="2025-06-30T21:31:52 IST" skipped="0">
  <testcase classname="tests.AddToCartTest" name="testAddToCart" time="5.529"/>
</testsuite> <!-- tests.AddToCartTest -->
